Encoding of instruction ['addi', '$a0,', '$0,', '5']: 0110 0011 0000 0101
        Result in Register $a0 = 5
        Register $0 = 0
Encoding of instruction ['addi', '$a1,', '$0,', '7']: 0110 0100 0000 0111
        Result in Register $a1 = 7
        Register $0 = 0
Encoding of instruction ['add', '$v0,', '$a0,', '$a1']: 0111 0010 0011 0100
        Result in Register $v0 = 12
        Register $a0 = 5
        Register $a1 = 7


Return Value in $v0 is 12
Encoding of instruction ['addi', '$a0,', '$0,', '10']: 0110 0011 0000 1010
        Result in Register $a0 = 10
        Register $0 = 0
Encoding of instruction ['addi', '$t0,', '$0,', '5']: 0110 0101 0000 0101
        Result in Register $t0 = 5
        Register $0 = 0
Encoding of instruction ['sw', '$t0,', '0($a0)']: 1000 0011 0101 0000
     Result at memory address 10 = 5
Encoding of instruction ['addi', '$a1,', '$0,', '20']: 0110 0100 0000 10100
        Result in Register $a1 = 20
        Register $0 = 0
Encoding of instruction ['addi', '$t0,', '$0,', '10']: 0110 0101 0000 1010
        Result in Register $t0 = 10
        Register $0 = 0
Encoding of instruction ['sw', '$t0,', '0($a1)']: 1000 0100 0101 0000
     Result at memory address 20 = 10
Encoding of instruction ['lw', '$t0,', '0($a0)']: 1001 0011 0101 0000
     Value in register $t0 = 5
Encoding of instruction ['sw', '$t0,', '0($a1)']: 1000 0100 0101 0000
     Result at memory address 20 = 5


Return Value in $v0 is 0
Encoding of instruction ['addi', '$a0,', '$0,', '5']: 0110 0011 0000 0101
        Result in Register $a0 = 5
        Register $0 = 0
Encoding of instruction ['addi', '$a1,', '$0,', '7']: 0110 0100 0000 0111
        Result in Register $a1 = 7
        Register $0 = 0
Encoding of instruction ['add', '$v0,', '$a0,', '$a1']: 0111 0010 0011 0100
        Result in Register $v0 = 12
        Register $a0 = 5
        Register $a1 = 7


Return Value in $v0 is 12
Encoding of instruction ['addi', '$a0,', '$0,', '5']: 0110 0011 0000 0101
        Result in Register $a0 = 5
        Register $0 = 0
Encoding of instruction ['addi', '$a1,', '$0,', '7']: 0110 0100 0000 0111
        Result in Register $a1 = 7
        Register $0 = 0
Encoding of instruction ['add', '$v0,', '$a0,', '$a1']: 0111 0010 0011 0100
        Result in Register $v0 = 12
        Register $a0 = 5
        Register $a1 = 7


Return Value in $v0 is 12
Encoding of instruction ['addi', '$a0,', '$0,', '10']: 0110 0011 0000 1010
        Result in Register $a0 = 10
        Register $0 = 0
Encoding of instruction ['addi', '$t0,', '$0,', '5']: 0110 0101 0000 0101
        Result in Register $t0 = 5
        Register $0 = 0
Encoding of instruction ['sw', '$t0,', '0($a0)']: 1000 0011 0101 0000
     Result at memory address 10 = 5
Encoding of instruction ['addi', '$a1,', '$0,', '20']: 0110 0100 0000 10100
        Result in Register $a1 = 20
        Register $0 = 0
Encoding of instruction ['addi', '$t0,', '$0,', '10']: 0110 0101 0000 1010
        Result in Register $t0 = 10
        Register $0 = 0
Encoding of instruction ['sw', '$t0,', '0($a1)']: 1000 0100 0101 0000
     Result at memory address 20 = 10
Encoding of instruction ['lw', '$t0,', '0($a0)']: 1001 0011 0101 0000
     Value in register $t0 = 5
Encoding of instruction ['sw', '$t0,', '0($a1)']: 1000 0100 0101 0000
     Result at memory address 20 = 5


Return Value in $v0 is 0
Encoding of instruction ['addi', '$a0,', '$0,', '50']: 0110 0011 0000 110010
        Result in Register $a0 = 50
        Register $0 = 0


Return Value in $v0 is 0
Encoding of instruction ['addi', '$a0,', '$0,', '9']: 0110 0011 0000 1001
        Result in Register $a0 = 9
        Register $0 = 0
Encoding of instruction ['addi', '$a1,', '$0,', '4']: 0110 0100 0000 0100
        Result in Register $a1 = 4
        Register $0 = 0
Encoding of instruction ['sub', '$v0,', '$a0,', '$a1']: 0111 0010 0011 0100
        Result in Register $v0 = 5
        Register $a0 = 9


Return Value in $v0 is 5
Encoding of instruction ['addi', '$a0,', '$0,', '9']: 0110 0011 0000 1001
        Result in Register $a0 = 9
        Register $0 = 0
Encoding of instruction ['addi', '$a1,', '$0,', '4']: 0110 0100 0000 0100
        Result in Register $a1 = 4
        Register $0 = 0
Encoding of instruction ['sub', '$v0,', '$a0,', '$a1']: 0111 0010 0011 0100
        Result in Register $v0 = 5
        Register $a0 = 9


Return Value in $v0 is 5
Encoding of instruction ['addi', '$a0,', '$0,', '5']: 0110 0011 0000 0101
        Result in Register $a0 = 5
        Register $0 = 0
Encoding of instruction ['addi', '$a1,', '$0,', '7']: 0110 0100 0000 0111
        Result in Register $a1 = 7
        Register $0 = 0
Encoding of instruction ['and', '$v0,', '$a0,', '$a1']: 0101 0010 0011 0100
        Result in Register $v0 = 5
        Register $a0 = 5


Return Value in $v0 is 5
Encoding of instruction ['addi', '$a0,', '$0,', '5']: 0110 0011 0000 0101
        Result in Register $a0 = 5
        Register $0 = 0
Encoding of instruction ['addi', '$a1,', '$0,', '7']: 0110 0100 0000 0111
        Result in Register $a1 = 7
        Register $0 = 0
Encoding of instruction ['or', '$v0,', '$a0,', '$a1']: 0011 0010 0011 0100
        Result in Register $v0 = 7
        Register $a0 = 5


Return Value in $v0 is 7
Encoding of instruction ['addi', '$a0,', '$0,', '7']: 0110 0011 0000 0111
        Result in Register $a0 = 7
        Register $0 = 0
Encoding of instruction ['addi', '$a1,', '$0,', '6']: 0110 0100 0000 0110
        Result in Register $a1 = 6
        Register $0 = 0
Encoding of instruction ['slt', '$v0,', '$a0,', '$a1']: 0010 0010 0011 0100
        Result in Register $v0 = 0
        Register $a0 = 7


Return Value in $v0 is 0
Encoding of instruction ['addi', '$a0,', '$0,', '5']: 0110 0011 0000 0101
        Result in Register $a0 = 5
        Register $0 = 0
Encoding of instruction ['addi', '$a1,', '$0,', '6']: 0110 0100 0000 0110
        Result in Register $a1 = 6
        Register $0 = 0
Encoding of instruction ['slt', '$v0,', '$a0,', '$a1']: 0010 0010 0011 0100
        Result in Register $v0 = 1
        Register $a0 = 5


Return Value in $v0 is 1
Encoding of instruction ['addi', '$a0,', '$0,', '5']: 0110 0011 0000 0101
        Result in Register $a0 = 5
        Register $0 = 0
Encoding of instruction ['addi', '$a1,', '$0,', '7']: 0110 0100 0000 0111
        Result in Register $a1 = 7
        Register $0 = 0
Encoding of instruction ['add', '$v0,', '$a0,', '$a1']: 0111 0010 0011 0100
        Result in Register $v0 = 12
        Register $a0 = 5
        Register $a1 = 7


Return Value in $v0 is 12
Encoding of instruction ['addi', '$a0,', '$0,', '5']: 0110 0011 0000 0101
        Result in Register $a0 = 5
        Register $0 = 0
Encoding of instruction ['addi', '$a1,', '$0,', '7']: 0110 0100 0000 0111
        Result in Register $a1 = 7
        Register $0 = 0
Encoding of instruction ['and', '$v0,', '$a0,', '$a1']: 0101 0010 0011 0100
        Result in Register $v0 = 5
        Register $a0 = 5


Return Value in $v0 is 5
Encoding of instruction ['addi', '$a0,', '$0,', '7']: 0110 0011 0000 0111
        Result in Register $a0 = 7
        Register $0 = 0
Encoding of instruction ['addi', '$a1,', '$0,', '6']: 0110 0100 0000 0110
        Result in Register $a1 = 6
        Register $0 = 0
Encoding of instruction ['slt', '$v0,', '$a0,', '$a1']: 0010 0010 0011 0100
        Result in Register $v0 = 0
        Register $a0 = 7


Return Value in $v0 is 0
Encoding of instruction ['addi', '$a0,', '$0,', '5']: 0110 0011 0000 0101
        Result in Register $a0 = 5
        Register $0 = 0
Encoding of instruction ['addi', '$a1,', '$0,', '6']: 0110 0100 0000 0110
        Result in Register $a1 = 6
        Register $0 = 0
Encoding of instruction ['slt', '$v0,', '$a0,', '$a1']: 0010 0010 0011 0100
        Result in Register $v0 = 1
        Register $a0 = 5


Return Value in $v0 is 1
Encoding of instruction ['addi', '$a0,', '$0,', '9']: 0110 0011 0000 1001
        Result in Register $a0 = 9
        Register $0 = 0
Encoding of instruction ['addi', '$a1,', '$0,', '4']: 0110 0100 0000 0100
        Result in Register $a1 = 4
        Register $0 = 0
Encoding of instruction ['sub', '$v0,', '$a0,', '$a1']: 0100 0010 0011 0100
        Result in Register $v0 = 5
        Register $a0 = 9


Return Value in $v0 is 5
Encoding of instruction ['addi', '$a0,', '$0,', '5']: 0110 0011 0000 0101
        Result in Register $a0 = 5
        Register $0 = 0
Encoding of instruction ['addi', '$a1,', '$0,', '7']: 0110 0100 0000 0111
        Result in Register $a1 = 7
        Register $0 = 0
Encoding of instruction ['or', '$v0,', '$a0,', '$a1']: 0011 0010 0011 0100
        Result in Register $v0 = 7
        Register $a0 = 5


Return Value in $v0 is 7
Encoding of instruction ['addi', '$a0,', '$0,', '10']: 0110 0011 0000 1010
        Result in Register $a0 = 10
        Register $0 = 0
Encoding of instruction ['addi', '$t0,', '$0,', '5']: 0110 0101 0000 0101
        Result in Register $t0 = 5
        Register $0 = 0
Encoding of instruction ['sw', '$t0,', '0($a0)']: 1000 0011 0101 0000
     Result at memory address 10 = 5
Encoding of instruction ['addi', '$a1,', '$0,', '20']: 0110 0100 0000 10100
        Result in Register $a1 = 20
        Register $0 = 0
Encoding of instruction ['addi', '$t0,', '$0,', '10']: 0110 0101 0000 1010
        Result in Register $t0 = 10
        Register $0 = 0
Encoding of instruction ['sw', '$t0,', '0($a1)']: 1000 0100 0101 0000
     Result at memory address 20 = 10
Encoding of instruction ['lw', '$t0,', '0($a0)']: 1001 0011 0101 0000
     Value in register $t0 = 5
Encoding of instruction ['sw', '$t0,', '0($a1)']: 1000 0100 0101 0000
     Result at memory address 20 = 5


Return Value in $v0 is 0
Encoding of instruction ['addi', '$a0,', '$0,', '50']: 0110 0011 0000 110010
        Result in Register $a0 = 50
        Register $0 = 0


Return Value in $v0 is 0
Encoding of instruction ['addi', '$a0,', '$0,', '5']: 0110 0011 0000 0101
        Result in Register $a0 = 5
        Register $0 = 0
Encoding of instruction ['addi', '$a1,', '$0,', '7']: 0110 0100 0000 0111
        Result in Register $a1 = 7
        Register $0 = 0
Encoding of instruction ['add', '$v0,', '$a0,', '$a1']: 0111 0010 0011 0100
        Result in Register $v0 = 12
        Register $a0 = 5
        Register $a1 = 7


Return Value in $v0 is 12
Encoding of instruction ['addi', '$a0,', '$0,', '5']: 0110 0011 0000 0101
        Result in Register $a0 = 5
        Register $0 = 0
Encoding of instruction ['addi', '$a1,', '$0,', '6']: 0110 0100 0000 0110
        Result in Register $a1 = 6
        Register $0 = 0
Encoding of instruction ['slt', '$v0,', '$a0,', '$a1']: 0010 0010 0011 0100
        Result in Register $v0 = 1
        Register $a0 = 5


Return Value in $v0 is 1
Encoding of instruction ['addi', '$a0,', '$0,', '5']: 0110 0011 0000 0101
        Result in Register $a0 = 5
        Register $0 = 0
Encoding of instruction ['addi', '$a1,', '$0,', '6']: 0110 0100 0000 0110
        Result in Register $a1 = 6
        Register $0 = 0
Encoding of instruction ['slt', '$v0,', '$a0,', '$a1']: 0010 0010 0011 0100
        Result in Register $v0 = 1
        Register $a0 = 5


Return Value in $v0 is 1
Encoding of instruction ['addi', '$a0,', '$0,', '5']: 0110 0011 0000 0101
        Result in Register $a0 = 5
        Register $0 = 0
Encoding of instruction ['addi', '$a1,', '$0,', '7']: 0110 0100 0000 0111
        Result in Register $a1 = 7
        Register $0 = 0
Encoding of instruction ['add', '$v0,', '$a0,', '$a1']: 0111 0010 0011 0100
        Result in Register $v0 = 12
        Register $a0 = 5
        Register $a1 = 7


Return Value in $v0 is 12
Encoding of instruction ['addi', '$a0,', '$0,', '10']: 0110 0011 0000 1010
        Result in Register $a0 = 10
        Register $0 = 0
Encoding of instruction ['addi', '$t0,', '$0,', '5']: 0110 0101 0000 0101
        Result in Register $t0 = 5
        Register $0 = 0
Encoding of instruction ['sw', '$t0,', '0($a0)']: 1000 0011 0101 0000
     Result at memory address 10 = 5
Encoding of instruction ['addi', '$a1,', '$0,', '20']: 0110 0100 0000 10100
        Result in Register $a1 = 20
        Register $0 = 0
Encoding of instruction ['addi', '$t0,', '$0,', '10']: 0110 0101 0000 1010
        Result in Register $t0 = 10
        Register $0 = 0
Encoding of instruction ['sw', '$t0,', '0($a1)']: 1000 0100 0101 0000
     Result at memory address 20 = 10
Encoding of instruction ['lw', '$t0,', '0($a0)']: 1001 0011 0101 0000
     Value in register $t0 = 5
Encoding of instruction ['sw', '$t0,', '0($a1)']: 1000 0100 0101 0000
     Result at memory address 20 = 5


Return Value in $v0 is 0
Encoding of instruction ['addi', '$a0,', '$0,', '10']: 0110 0011 0000 1010
        Result in Register $a0 = 10
        Register $0 = 0
Encoding of instruction ['addi', '$t0,', '$0,', '5']: 0110 0101 0000 0101
        Result in Register $t0 = 5
        Register $0 = 0
Encoding of instruction ['sw', '$t0,', '0($a0)']: 1000 0011 0101 0000
     Result at memory address 10 = 5
Encoding of instruction ['addi', '$a1,', '$0,', '20']: 0110 0100 0000 10100
        Result in Register $a1 = 20
        Register $0 = 0
Encoding of instruction ['addi', '$t0,', '$0,', '10']: 0110 0101 0000 1010
        Result in Register $t0 = 10
        Register $0 = 0
Encoding of instruction ['sw', '$t0,', '0($a1)']: 1000 0100 0101 0000
     Result at memory address 20 = 10
Encoding of instruction ['lw', '$t0,', '0($a0)']: 1001 0011 0101 0000
     Value in register $t0 = 5
Encoding of instruction ['sw', '$t0,', '0($a1)']: 1000 0100 0101 0000
     Result at memory address 20 = 5


Return Value in $v0 is 0
Encoding of instruction ['addi', '$a0,', '$0,', '50']: 0110 0011 0000 110010
        Result in Register $a0 = 50
        Register $0 = 0


Return Value in $v0 is 0
Encoding of instruction ['addi', '$a0,', '$0,', '5']: 0110 0011 0000 0101
        Result in Register $a0 = 5
        Register $0 = 0
Encoding of instruction ['addi', '$a1,', '$0,', '6']: 0110 0100 0000 0110
        Result in Register $a1 = 6
        Register $0 = 0
Encoding of instruction ['slt', '$v0,', '$a0,', '$a1']: 0010 0010 0011 0100
        Result in Register $v0 = 1
        Register $a0 = 5


Return Value in $v0 is 1
Encoding of instruction ['addi', '$a0,', '$0,', '7']: 0110 0011 0000 0111
        Result in Register $a0 = 7
        Register $0 = 0
Encoding of instruction ['addi', '$a1,', '$0,', '6']: 0110 0100 0000 0110
        Result in Register $a1 = 6
        Register $0 = 0
Encoding of instruction ['slt', '$v0,', '$a0,', '$a1']: 0010 0010 0011 0100
        Result in Register $v0 = 0
        Register $a0 = 7


Return Value in $v0 is 0
Encoding of instruction ['addi', '$a0,', '$0,', '7']: 0110 0011 0000 0111
        Result in Register $a0 = 7
        Register $0 = 0
Encoding of instruction ['addi', '$a1,', '$0,', '6']: 0110 0100 0000 0110
        Result in Register $a1 = 6
        Register $0 = 0
Encoding of instruction ['slt', '$v0,', '$a0,', '$a1']: 0010 0010 0011 0100
        Result in Register $v0 = 0
        Register $a0 = 7


Return Value in $v0 is 0
Encoding of instruction ['addi', '$a0,', '$0,', '5']: 0110 0011 0000 0101
        Result in Register $a0 = 5
        Register $0 = 0
Encoding of instruction ['addi', '$a1,', '$0,', '7']: 0110 0100 0000 0111
        Result in Register $a1 = 7
        Register $0 = 0
Encoding of instruction ['and', '$v0,', '$a0,', '$a1']: 0101 0010 0011 0100
        Result in Register $v0 = 5
        Register $a0 = 5


Return Value in $v0 is 5
Encoding of instruction ['addi', '$a0,', '$0,', '5']: 0110 0011 0000 0101
        Result in Register $a0 = 5
        Register $0 = 0
Encoding of instruction ['addi', '$a1,', '$0,', '7']: 0110 0100 0000 0111
        Result in Register $a1 = 7
        Register $0 = 0
Encoding of instruction ['or', '$v0,', '$a0,', '$a1']: 0011 0010 0011 0100
        Result in Register $v0 = 7
        Register $a0 = 5


Return Value in $v0 is 7
Encoding of instruction ['addi', '$a0,', '$0,', '5']: 0110 0011 0000 0101
        Result in Register $a0 = 5
        Register $0 = 0
Encoding of instruction ['addi', '$a1,', '$0,', '7']: 0110 0100 0000 0111
        Result in Register $a1 = 7
        Register $0 = 0
Encoding of instruction ['add', '$v0,', '$a0,', '$a1']: 0111 0010 0011 0100
        Result in Register $v0 = 12
        Register $a0 = 5
        Register $a1 = 7


Return Value in $v0 is 12
Encoding of instruction ['addi', '$a0,', '$0,', '5']: 0110 0011 0000 0101
        Result in Register $a0 = 5
        Register $0 = 0
Encoding of instruction ['addi', '$a1,', '$0,', '7']: 0110 0100 0000 0111
        Result in Register $a1 = 7
        Register $0 = 0
Encoding of instruction ['add', '$v0,', '$a0,', '$a1']: 0111 0010 0011 0100
        Result in Register $v0 = 12
        Register $a0 = 5
        Register $a1 = 7


Return Value in $v0 is 12
Encoding of instruction ['addi', '$a0,', '$0,', '5']: 0110 0011 0000 0101
        Result in Register $a0 = 5
        Register $0 = 0
Encoding of instruction ['addi', '$a1,', '$0,', '7']: 0110 0100 0000 0111
        Result in Register $a1 = 7
        Register $0 = 0
Encoding of instruction ['add', '$v0,', '$a0,', '$a1']: 0111 0010 0011 0100
        Result in Register $v0 = 12
        Register $a0 = 5
        Register $a1 = 7


Return Value in $v0 is 12
